<?xml version="1.0" encoding="UTF-8"?>
<!-- Generated by org.testng.reporters.JUnitXMLReporter -->
<testsuite ignored="0" hostname="Ankit" failures="2" tests="2" name="Test" time="33.257" errors="0" timestamp="2023-07-01T17:17:23 IST">
  <testcase classname="Test.PB_TC_1010_ValidateTest" name="validateUserName" time="2.726">
    <failure type="java.lang.AssertionError" message=" actual and expected name is not match taste case is failed  expected [nilesh ande] but found [Nilesh Ande]">
      <![CDATA[java.lang.AssertionError:  actual and expected name is not match taste case is failed  expected [nilesh ande] but found [Nilesh Ande]
at Test.PB_TC_1010_ValidateTest.validateUserName(PB_TC_1010_ValidateTest.java:98)
at java.base/java.util.ArrayList.forEach(ArrayList.java:1511)
... Removed 32 stack frames]]>
    </failure>
  </testcase> <!-- validateUserName -->
  <testcase classname="Test.PB_TC_1010_ValidateTest" name="validateUserName" time="15.266">
    <failure type="java.lang.NullPointerException" message="Cannot invoke &amp;quot;org.openqa.selenium.TakesScreenshot.getScreenshotAs(org.openqa.selenium.OutputType)&amp;quot; because &amp;quot;driver&amp;quot; is null">
      <![CDATA[java.lang.NullPointerException: Cannot invoke "org.openqa.selenium.TakesScreenshot.getScreenshotAs(org.openqa.selenium.OutputType)" because "driver" is null
at utility.Utility.getScreenshot(Utility.java:25)
at Test.ListenerPolicybazar.onTestFailure(ListenerPolicybazar.java:35)
at java.base/java.util.ArrayList.forEach(ArrayList.java:1511)
... Removed 24 stack frames]]>
    </failure>
  </testcase> <!-- validateUserName -->
</testsuite> <!-- Test -->
